# JRE version: OpenJDK Runtime Environment Homebrew (17.0.5) (build 17.0.5+0)
# Java VM: OpenJDK 64-Bit Server VM Homebrew (17.0.5+0, mixed mode, sharing, tiered, compressed oops, compressed class ptrs, g1 gc, bsd-amd64)
GC Precious Log:
 CPUs: 8 total, 8 available
 Memory: 8192M
 Large Page Support: Disabled
 NUMA Support: Disabled
 Compressed Oops: Enabled (Zero based)
 Heap Region Size: 1M
 Heap Min Capacity: 8M
 Heap Initial Capacity: 128M
 Heap Max Capacity: 2G
 Pre-touch: Disabled
 Parallel Workers: 8
 Concurrent Workers: 2
 Concurrent Refinement Workers: 8
 Periodic GC: Disabled
Heap:
 garbage-first heap   total 92160K, used 51435K [0x0000000780000000, 0x0000000800000000)
  region size 1024K, 28 young (28672K), 1 survivors (1024K)
 Metaspace       used 36748K, committed 37120K, reserved 1081344K
  class space    used 5248K, committed 5376K, reserved 1048576K
GC Heap History (20 events):
Event: 7.522 GC heap before
{Heap before GC invocations=38 (full 20):
 garbage-first heap   total 68608K, used 50787K [0x0000000780000000, 0x0000000800000000)
  region size 1024K, 19 young (19456K), 0 survivors (0K)
 Metaspace       used 33154K, committed 33408K, reserved 1081344K
  class space    used 4817K, committed 4928K, reserved 1048576K
}
Event: 7.526 GC heap after
{Heap after GC invocations=39 (full 20):
 garbage-first heap   total 68608K, used 33889K [0x0000000780000000, 0x0000000800000000)
  region size 1024K, 3 young (3072K), 3 survivors (3072K)
 Metaspace       used 33154K, committed 33408K, reserved 1081344K
  class space    used 4817K, committed 4928K, reserved 1048576K
}
Event: 8.218 GC heap before
{Heap before GC invocations=40 (full 20):
 garbage-first heap   total 68608K, used 51297K [0x0000000780000000, 0x0000000800000000)
  region size 1024K, 20 young (20480K), 3 survivors (3072K)
 Metaspace       used 36510K, committed 36864K, reserved 1081344K
  class space    used 5232K, committed 5376K, reserved 1048576K
}
Event: 8.223 GC heap after
{Heap after GC invocations=41 (full 20):
 garbage-first heap   total 68608K, used 34425K [0x0000000780000000, 0x0000000800000000)
  region size 1024K, 1 young (1024K), 1 survivors (1024K)
 Metaspace       used 36510K, committed 36864K, reserved 1081344K
  class space    used 5232K, committed 5376K, reserved 1048576K
}
Event: 8.271 GC heap before
{Heap before GC invocations=41 (full 20):
 garbage-first heap   total 68608K, used 36473K [0x0000000780000000, 0x0000000800000000)
  region size 1024K, 3 young (3072K), 1 survivors (1024K)
 Metaspace       used 36558K, committed 36864K, reserved 1081344K
  class space    used 5232K, committed 5376K, reserved 1048576K
}
Event: 8.274 GC heap after
{Heap after GC invocations=42 (full 20):
 garbage-first heap   total 68608K, used 33586K [0x0000000780000000, 0x0000000800000000)
  region size 1024K, 1 young (1024K), 1 survivors (1024K)
 Metaspace       used 36558K, committed 36864K, reserved 1081344K
  class space    used 5232K, committed 5376K, reserved 1048576K
}
Event: 8.506 GC heap before
{Heap before GC invocations=42 (full 20):
 garbage-first heap   total 68608K, used 52018K [0x0000000780000000, 0x0000000800000000)
  region size 1024K, 19 young (19456K), 1 survivors (1024K)
 Metaspace       used 36637K, committed 36928K, reserved 1081344K
  class space    used 5232K, committed 5376K, reserved 1048576K
}
Event: 8.509 GC heap after
{Heap after GC invocations=43 (full 20):
 garbage-first heap   total 205824K, used 33431K [0x0000000780000000, 0x0000000800000000)
  region size 1024K, 1 young (1024K), 1 survivors (1024K)
 Metaspace       used 36637K, committed 36928K, reserved 1081344K
  class space    used 5232K, committed 5376K, reserved 1048576K
}
Event: 9.564 GC heap before
{Heap before GC invocations=44 (full 20):
 garbage-first heap   total 130048K, used 115351K [0x0000000780000000, 0x0000000800000000)
  region size 1024K, 82 young (83968K), 1 survivors (1024K)
 Metaspace       used 36704K, committed 36992K, reserved 1081344K
  class space    used 5244K, committed 5376K, reserved 1048576K
}
Event: 9.565 GC heap after
{Heap after GC invocations=45 (full 20):
 garbage-first heap   total 130048K, used 33727K [0x0000000780000000, 0x0000000800000000)
  region size 1024K, 1 young (1024K), 1 survivors (1024K)
 Metaspace       used 36704K, committed 36992K, reserved 1081344K
  class space    used 5244K, committed 5376K, reserved 1048576K
}
Event: 9.593 GC heap before
{Heap before GC invocations=45 (full 20):
 garbage-first heap   total 130048K, used 37823K [0x0000000780000000, 0x0000000800000000)
  region size 1024K, 6 young (6144K), 1 survivors (1024K)
 Metaspace       used 36711K, committed 36992K, reserved 1081344K
  class space    used 5244K, committed 5376K, reserved 1048576K
}
Event: 9.623 GC heap after
{Heap after GC invocations=46 (full 21):
 garbage-first heap   total 92160K, used 24772K [0x0000000780000000, 0x0000000800000000)
  region size 1024K, 0 young (0K), 0 survivors (0K)
 Metaspace       used 36711K, committed 36992K, reserved 1081344K
  class space    used 5244K, committed 5376K, reserved 1048576K
}
Event: 9.834 GC heap before
{Heap before GC invocations=46 (full 21):
 garbage-first heap   total 92160K, used 72900K [0x0000000780000000, 0x0000000800000000)
  region size 1024K, 47 young (48128K), 0 survivors (0K)
 Metaspace       used 36720K, committed 36992K, reserved 1081344K
  class space    used 5244K, committed 5376K, reserved 1048576K
}
Event: 9.835 GC heap after
{Heap after GC invocations=47 (full 21):
 garbage-first heap   total 92160K, used 24826K [0x0000000780000000, 0x0000000800000000)
  region size 1024K, 1 young (1024K), 1 survivors (1024K)
 Metaspace       used 36720K, committed 36992K, reserved 1081344K
  class space    used 5244K, committed 5376K, reserved 1048576K
}
Event: 10.015 GC heap before
{Heap before GC invocations=47 (full 21):
 garbage-first heap   total 92160K, used 73978K [0x0000000780000000, 0x0000000800000000)
  region size 1024K, 49 young (50176K), 1 survivors (1024K)
 Metaspace       used 36724K, committed 36992K, reserved 1081344K
  class space    used 5244K, committed 5376K, reserved 1048576K
}
Event: 10.017 GC heap after
{Heap after GC invocations=48 (full 21):
 garbage-first heap   total 92160K, used 24817K [0x0000000780000000, 0x0000000800000000)
  region size 1024K, 1 young (1024K), 1 survivors (1024K)
 Metaspace       used 36724K, committed 36992K, reserved 1081344K
  class space    used 5244K, committed 5376K, reserved 1048576K
}
Event: 10.194 GC heap before
{Heap before GC invocations=48 (full 21):
 garbage-first heap   total 92160K, used 74993K [0x0000000780000000, 0x0000000800000000)
  region size 1024K, 50 young (51200K), 1 survivors (1024K)
 Metaspace       used 36727K, committed 36992K, reserved 1081344K
  class space    used 5244K, committed 5376K, reserved 1048576K
}
Event: 10.194 GC heap after
{Heap after GC invocations=49 (full 21):
 garbage-first heap   total 92160K, used 24808K [0x0000000780000000, 0x0000000800000000)
  region size 1024K, 1 young (1024K), 1 survivors (1024K)
 Metaspace       used 36727K, committed 36992K, reserved 1081344K
  class space    used 5244K, committed 5376K, reserved 1048576K
}
Event: 10.350 GC heap before
{Heap before GC invocations=49 (full 21):
 garbage-first heap   total 92160K, used 76008K [0x0000000780000000, 0x0000000800000000)
  region size 1024K, 51 young (52224K), 1 survivors (1024K)
 Metaspace       used 36732K, committed 36992K, reserved 1081344K
  class space    used 5244K, committed 5376K, reserved 1048576K
}
Event: 10.350 GC heap after
{Heap after GC invocations=50 (full 21):
 garbage-first heap   total 92160K, used 24811K [0x0000000780000000, 0x0000000800000000)
  region size 1024K, 1 young (1024K), 1 survivors (1024K)
 Metaspace       used 36732K, committed 36992K, reserved 1081344K
  class space    used 5244K, committed 5376K, reserved 1048576K
}

