# JRE version: OpenJDK Runtime Environment Homebrew (17.0.5) (build 17.0.5+0)
# Java VM: OpenJDK 64-Bit Server VM Homebrew (17.0.5+0, mixed mode, sharing, tiered, compressed oops, compressed class ptrs, g1 gc, bsd-amd64)
GC Precious Log:
 CPUs: 8 total, 8 available
 Memory: 8192M
 Large Page Support: Disabled
 NUMA Support: Disabled
 Compressed Oops: Enabled (Zero based)
 Heap Region Size: 1M
 Heap Min Capacity: 8M
 Heap Initial Capacity: 128M
 Heap Max Capacity: 2G
 Pre-touch: Disabled
 Parallel Workers: 8
 Concurrent Workers: 2
 Concurrent Refinement Workers: 8
 Periodic GC: Disabled
Heap:
 garbage-first heap   total 99328K, used 66882K [0x0000000780000000, 0x0000000800000000)
  region size 1024K, 43 young (44032K), 1 survivors (1024K)
 Metaspace       used 36873K, committed 37184K, reserved 1081344K
  class space    used 5241K, committed 5376K, reserved 1048576K
GC Heap History (20 events):
Event: 30.147 GC heap before
{Heap before GC invocations=819 (full 249):
 garbage-first heap   total 96256K, used 80194K [0x0000000780000000, 0x0000000800000000)
  region size 1024K, 55 young (56320K), 1 survivors (1024K)
 Metaspace       used 36851K, committed 37184K, reserved 1081344K
  class space    used 5237K, committed 5376K, reserved 1048576K
}
Event: 30.147 GC heap after
{Heap after GC invocations=820 (full 249):
 garbage-first heap   total 96256K, used 24900K [0x0000000780000000, 0x0000000800000000)
  region size 1024K, 1 young (1024K), 1 survivors (1024K)
 Metaspace       used 36851K, committed 37184K, reserved 1081344K
  class space    used 5237K, committed 5376K, reserved 1048576K
}
Event: 30.183 GC heap before
{Heap before GC invocations=820 (full 249):
 garbage-first heap   total 96256K, used 80196K [0x0000000780000000, 0x0000000800000000)
  region size 1024K, 55 young (56320K), 1 survivors (1024K)
 Metaspace       used 36851K, committed 37184K, reserved 1081344K
  class space    used 5237K, committed 5376K, reserved 1048576K
}
Event: 30.184 GC heap after
{Heap after GC invocations=821 (full 249):
 garbage-first heap   total 96256K, used 24897K [0x0000000780000000, 0x0000000800000000)
  region size 1024K, 1 young (1024K), 1 survivors (1024K)
 Metaspace       used 36851K, committed 37184K, reserved 1081344K
  class space    used 5237K, committed 5376K, reserved 1048576K
}
Event: 30.215 GC heap before
{Heap before GC invocations=821 (full 249):
 garbage-first heap   total 96256K, used 80193K [0x0000000780000000, 0x0000000800000000)
  region size 1024K, 55 young (56320K), 1 survivors (1024K)
 Metaspace       used 36851K, committed 37184K, reserved 1081344K
  class space    used 5237K, committed 5376K, reserved 1048576K
}
Event: 30.216 GC heap after
{Heap after GC invocations=822 (full 249):
 garbage-first heap   total 214016K, used 24904K [0x0000000780000000, 0x0000000800000000)
  region size 1024K, 1 young (1024K), 1 survivors (1024K)
 Metaspace       used 36851K, committed 37184K, reserved 1081344K
  class space    used 5237K, committed 5376K, reserved 1048576K
}
Event: 30.230 GC heap before
{Heap before GC invocations=822 (full 249):
 garbage-first heap   total 214016K, used 37192K [0x0000000780000000, 0x0000000800000000)
  region size 1024K, 14 young (14336K), 1 survivors (1024K)
 Metaspace       used 36851K, committed 37184K, reserved 1081344K
  class space    used 5237K, committed 5376K, reserved 1048576K
}
Event: 30.249 GC heap after
{Heap after GC invocations=823 (full 250):
 garbage-first heap   total 96256K, used 24871K [0x0000000780000000, 0x0000000800000000)
  region size 1024K, 0 young (0K), 0 survivors (0K)
 Metaspace       used 36851K, committed 37184K, reserved 1081344K
  class space    used 5237K, committed 5376K, reserved 1048576K
}
Event: 30.280 GC heap before
{Heap before GC invocations=823 (full 250):
 garbage-first heap   total 96256K, used 81191K [0x0000000780000000, 0x0000000800000000)
  region size 1024K, 55 young (56320K), 0 survivors (0K)
 Metaspace       used 36851K, committed 37184K, reserved 1081344K
  class space    used 5237K, committed 5376K, reserved 1048576K
}
Event: 30.281 GC heap after
{Heap after GC invocations=824 (full 250):
 garbage-first heap   total 96256K, used 24896K [0x0000000780000000, 0x0000000800000000)
  region size 1024K, 1 young (1024K), 1 survivors (1024K)
 Metaspace       used 36851K, committed 37184K, reserved 1081344K
  class space    used 5237K, committed 5376K, reserved 1048576K
}
Event: 30.311 GC heap before
{Heap before GC invocations=824 (full 250):
 garbage-first heap   total 96256K, used 80192K [0x0000000780000000, 0x0000000800000000)
  region size 1024K, 55 young (56320K), 1 survivors (1024K)
 Metaspace       used 36851K, committed 37184K, reserved 1081344K
  class space    used 5237K, committed 5376K, reserved 1048576K
}
Event: 30.311 GC heap after
{Heap after GC invocations=825 (full 250):
 garbage-first heap   total 96256K, used 24901K [0x0000000780000000, 0x0000000800000000)
  region size 1024K, 1 young (1024K), 1 survivors (1024K)
 Metaspace       used 36851K, committed 37184K, reserved 1081344K
  class space    used 5237K, committed 5376K, reserved 1048576K
}
Event: 30.341 GC heap before
{Heap before GC invocations=825 (full 250):
 garbage-first heap   total 96256K, used 80197K [0x0000000780000000, 0x0000000800000000)
  region size 1024K, 55 young (56320K), 1 survivors (1024K)
 Metaspace       used 36851K, committed 37184K, reserved 1081344K
  class space    used 5237K, committed 5376K, reserved 1048576K
}
Event: 30.341 GC heap after
{Heap after GC invocations=826 (full 250):
 garbage-first heap   total 96256K, used 24901K [0x0000000780000000, 0x0000000800000000)
  region size 1024K, 1 young (1024K), 1 survivors (1024K)
 Metaspace       used 36851K, committed 37184K, reserved 1081344K
  class space    used 5237K, committed 5376K, reserved 1048576K
}
Event: 30.371 GC heap before
{Heap before GC invocations=826 (full 250):
 garbage-first heap   total 96256K, used 80197K [0x0000000780000000, 0x0000000800000000)
  region size 1024K, 55 young (56320K), 1 survivors (1024K)
 Metaspace       used 36851K, committed 37184K, reserved 1081344K
  class space    used 5237K, committed 5376K, reserved 1048576K
}
Event: 30.372 GC heap after
{Heap after GC invocations=827 (full 250):
 garbage-first heap   total 208896K, used 24903K [0x0000000780000000, 0x0000000800000000)
  region size 1024K, 1 young (1024K), 1 survivors (1024K)
 Metaspace       used 36851K, committed 37184K, reserved 1081344K
  class space    used 5237K, committed 5376K, reserved 1048576K
}
Event: 30.387 GC heap before
{Heap before GC invocations=827 (full 250):
 garbage-first heap   total 208896K, used 37191K [0x0000000780000000, 0x0000000800000000)
  region size 1024K, 14 young (14336K), 1 survivors (1024K)
 Metaspace       used 36851K, committed 37184K, reserved 1081344K
  class space    used 5237K, committed 5376K, reserved 1048576K
}
Event: 30.406 GC heap after
{Heap after GC invocations=828 (full 251):
 garbage-first heap   total 99328K, used 24872K [0x0000000780000000, 0x0000000800000000)
  region size 1024K, 0 young (0K), 0 survivors (0K)
 Metaspace       used 36851K, committed 37184K, reserved 1081344K
  class space    used 5237K, committed 5376K, reserved 1048576K
}
Event: 30.438 GC heap before
{Heap before GC invocations=828 (full 251):
 garbage-first heap   total 99328K, used 83240K [0x0000000780000000, 0x0000000800000000)
  region size 1024K, 57 young (58368K), 0 survivors (0K)
 Metaspace       used 36851K, committed 37184K, reserved 1081344K
  class space    used 5237K, committed 5376K, reserved 1048576K
}
Event: 30.439 GC heap after
{Heap after GC invocations=829 (full 251):
 garbage-first heap   total 99328K, used 24898K [0x0000000780000000, 0x0000000800000000)
  region size 1024K, 1 young (1024K), 1 survivors (1024K)
 Metaspace       used 36851K, committed 37184K, reserved 1081344K
  class space    used 5237K, committed 5376K, reserved 1048576K
}

